Построение начато 15.02.2019 18:54:38.
     1>Проект "D:\Debian\Steam\sdk\mp_10.09.2015\src\tier1\tier1.vcxproj" в узле 2 (целевые объекты build).
       Файл проекта содержит ToolsVersion="12.0". Возможно, этот набор инструментов неизвестен или отсутствует (в этом случае проблему можно устранить, установив подходящую версию MSBuild), либо для данной сборки определено конкретное значение ToolsVersion в параметрах политики. Проект обрабатывается как имеющий ToolsVersion="4.0". Дополнительные сведения см. по ссылке http://go.microsoft.com/fwlink/?LinkId=291333.
     1>InitializeBuildStatus:
         Создание ".\Release\.\tier1.unsuccessfulbuild", так как было задано "AlwaysCreate".
       PreBuildEvent:
         if EXIST ..\lib\public\.\tier1.lib ( for /f "delims=" %%A in ('attrib "..\lib\public\.\tier1.lib"') do set valveTmpIsReadOnly="%%A"
         ) else ( if not EXIST ..\lib\public\. mkdir ..\lib\public\. )
         set valveTmpIsReadOnlyLetter=%valveTmpIsReadOnly:~6,1%
         if "%valveTmpIsReadOnlyLetter%"=="R" (
             attrib -r ..\lib\public\.\tier1.lib
             ..\devtools\bin\gnu\touch.exe -d "1999-01-01" ..\lib\public\.\tier1.lib
             attrib +r ..\lib\public\.\tier1.lib
         )
         if exist "..\devtools\bin\vpc.exe" "..\devtools\bin\vpc.exe" -crc2 "tier1.vcxproj"
         if ERRORLEVEL 1 exit /b 1
         
         :VCEnd
       CustomBuild:
         Running VPC CRC Check - tier1.vpc
       ClCompile:
         C:\Program Files (x86)\Microsoft Visual Studio 10.0\VC\bin\CL.exe /c /I..\common /I..\public /I..\public\tier0 /I..\public\tier1 /Z7 /nologo /W4 /WX /MP /O2 /Ob2 /Oi /Ot /Oy- /D VPC /D RAD_TELEMETRY_DISABLED /D WIN32 /D _WIN32 /D NDEBUG /D _LIB /D _CRT_SECURE_NO_DEPRECATE /D _CRT_NONSTDC_NO_DEPRECATE /D _ALLOW_RUNTIME_LIBRARY_MISMATCH /D _ALLOW_ITERATOR_DEBUG_LEVEL_MISMATCH /D _ALLOW_MSC_VER_MISMATCH /D _MBCS /D COMPILER_MSVC32 /D COMPILER_MSVC32 /D COMPILER_MSVC /D _DLL_EXT=.dll /D LIBNAME=tier1 /D BINK_VIDEO /D AVI_VIDEO /D WMV_VIDEO /D DEV_BUILD /D FRAME_POINTER_OMISSION_DISABLED /D TIER1_STATIC_LIB /D _EXTERNAL_DLL_EXT=.dll /D VPCGAMECAPS=HL2MP /D PROJECTDIR=D:\Debian\Steam\sdk\mp_10.09.2015\src\tier1 /D _DLL_EXT=.dll /D VPCGAME=hl2mp /D SOURCE1=1 /GF /Gm- /MT /GS /Gy /arch:SSE /fp:fast /Zc:wchar_t /Zc:forScope /GR /openmp- /Fo".\Release\.\/" /Fd".\Release\.\/vc100.pdb" /Gd /TP /wd4316 /analyze- /FC /errorReport:prompt ..\utils\lzma\C\LzmaDec.c bitbuf.cpp byteswap.cpp characterset.cpp checksum_crc.cpp checksum_md5.cpp checksum_sha1.cpp commandbuffer.cpp convar.cpp datamanager.cpp diff.cpp generichash.cpp ilocalize.cpp interface.cpp KeyValues.cpp kvpacker.cpp lzmaDecoder.cpp mempool.cpp memstack.cpp NetAdr.cpp newbitbuf.cpp rangecheckedvar.cpp reliabletimer.cpp "snappy-sinksource.cpp" "snappy-stubs-internal.cpp" snappy.cpp sparsematrix.cpp splitstring.cpp stringpool.cpp strtools.cpp strtools_unicode.cpp tier1.cpp tokenreader.cpp uniqueid.cpp utlbinaryblock.cpp utlbuffer.cpp utlbufferutil.cpp utlstring.cpp utlsymbol.cpp  /Zo /Gw /Zc:inline
     1>cl : командная строка warning D9002: пропуск неизвестного параметра "/Zo"
     1>cl : командная строка warning D9002: пропуск неизвестного параметра "/Gw"
     1>cl : командная строка warning D9002: пропуск неизвестного параметра "/Zc:inline"
     1>cl : командная строка warning D9002: пропуск неизвестного параметра "/Zo"
     1>cl : командная строка warning D9002: пропуск неизвестного параметра "/Gw"
     1>cl : командная строка warning D9002: пропуск неизвестного параметра "/Zc:inline"
         LzmaDec.c
     1>cl : командная строка warning D9002: пропуск неизвестного параметра "/Zo"
     1>cl : командная строка warning D9002: пропуск неизвестного параметра "/Gw"
     1>cl : командная строка warning D9002: пропуск неизвестного параметра "/Zc:inline"
         bitbuf.cpp
     1>cl : командная строка warning D9002: пропуск неизвестного параметра "/Zo"
     1>cl : командная строка warning D9002: пропуск неизвестного параметра "/Gw"
     1>cl : командная строка warning D9002: пропуск неизвестного параметра "/Zc:inline"
         byteswap.cpp
     1>cl : командная строка warning D9002: пропуск неизвестного параметра "/Zo"
     1>cl : командная строка warning D9002: пропуск неизвестного параметра "/Gw"
     1>cl : командная строка warning D9002: пропуск неизвестного параметра "/Zc:inline"
         characterset.cpp
         checksum_crc.cpp
         checksum_md5.cpp
         checksum_sha1.cpp
         commandbuffer.cpp
         convar.cpp
         datamanager.cpp
         diff.cpp
         generichash.cpp
         ilocalize.cpp
         interface.cpp
         KeyValues.cpp
         kvpacker.cpp
         lzmaDecoder.cpp
         mempool.cpp
         memstack.cpp
         NetAdr.cpp
         newbitbuf.cpp
         rangecheckedvar.cpp
         reliabletimer.cpp
         snappy-sinksource.cpp
         snappy-stubs-internal.cpp
         snappy.cpp
         sparsematrix.cpp
         splitstring.cpp
         stringpool.cpp
         strtools.cpp
         strtools_unicode.cpp
         tier1.cpp
         tokenreader.cpp
         uniqueid.cpp
         utlbinaryblock.cpp
         utlbuffer.cpp
         utlbufferutil.cpp
         utlstring.cpp
         utlsymbol.cpp
         C:\Program Files (x86)\Microsoft Visual Studio 10.0\VC\bin\CL.exe /c /I..\common /I..\public /I..\public\tier0 /I..\public\tier1 /Z7 /nologo /W4 /WX /MP /O2 /Ob2 /Oi /Ot /Oy- /D VPC /D RAD_TELEMETRY_DISABLED /D WIN32 /D _WIN32 /D NDEBUG /D _LIB /D _CRT_SECURE_NO_DEPRECATE /D _CRT_NONSTDC_NO_DEPRECATE /D _ALLOW_RUNTIME_LIBRARY_MISMATCH /D _ALLOW_ITERATOR_DEBUG_LEVEL_MISMATCH /D _ALLOW_MSC_VER_MISMATCH /D _MBCS /D COMPILER_MSVC32 /D COMPILER_MSVC32 /D COMPILER_MSVC /D _DLL_EXT=.dll /D LIBNAME=tier1 /D BINK_VIDEO /D AVI_VIDEO /D WMV_VIDEO /D DEV_BUILD /D FRAME_POINTER_OMISSION_DISABLED /D TIER1_STATIC_LIB /D _EXTERNAL_DLL_EXT=.dll /D VPCGAMECAPS=HL2MP /D PROJECTDIR=D:\Debian\Steam\sdk\mp_10.09.2015\src\tier1 /D _DLL_EXT=.dll /D VPCGAME=hl2mp /D SOURCE1=1 /GF /Gm- /EHsc /MT /GS /Gy /arch:SSE /fp:fast /Zc:wchar_t /Zc:forScope /GR /openmp- /Fo".\Release\.\/" /Fd".\Release\.\/vc100.pdb" /Gd /TP /wd4316 /analyze- /FC /errorReport:prompt processor_detect.cpp  /Zo /Gw /Zc:inline
     1>cl : командная строка warning D9002: пропуск неизвестного параметра "/Zo"
     1>cl : командная строка warning D9002: пропуск неизвестного параметра "/Gw"
     1>cl : командная строка warning D9002: пропуск неизвестного параметра "/Zc:inline"
         processor_detect.cpp
       Lib:
         C:\Program Files (x86)\Microsoft Visual Studio 10.0\VC\bin\Lib.exe /OUT:"..\lib\public\.\tier1.lib" Rpcrt4.lib /NOLOGO .\Release\.\/LzmaDec.obj
         .\Release\.\/bitbuf.obj
         .\Release\.\/byteswap.obj
         .\Release\.\/characterset.obj
         .\Release\.\/checksum_crc.obj
         .\Release\.\/checksum_md5.obj
         .\Release\.\/checksum_sha1.obj
         .\Release\.\/commandbuffer.obj
         .\Release\.\/convar.obj
         .\Release\.\/datamanager.obj
         .\Release\.\/diff.obj
         .\Release\.\/generichash.obj
         .\Release\.\/ilocalize.obj
         .\Release\.\/interface.obj
         .\Release\.\/KeyValues.obj
         .\Release\.\/kvpacker.obj
         .\Release\.\/lzmaDecoder.obj
         .\Release\.\/mempool.obj
         .\Release\.\/memstack.obj
         .\Release\.\/NetAdr.obj
         .\Release\.\/newbitbuf.obj
         .\Release\.\/processor_detect.obj
         .\Release\.\/rangecheckedvar.obj
         .\Release\.\/reliabletimer.obj
         ".\Release\.\/snappy-sinksource.obj"
         ".\Release\.\/snappy-stubs-internal.obj"
         .\Release\.\/snappy.obj
         .\Release\.\/sparsematrix.obj
         .\Release\.\/splitstring.obj
         .\Release\.\/stringpool.obj
         .\Release\.\/strtools.obj
         .\Release\.\/strtools_unicode.obj
         .\Release\.\/tier1.obj
         .\Release\.\/tokenreader.obj
         .\Release\.\/uniqueid.obj
         .\Release\.\/utlbinaryblock.obj
         .\Release\.\/utlbuffer.obj
         .\Release\.\/utlbufferutil.obj
         .\Release\.\/utlstring.obj
         .\Release\.\/utlsymbol.obj  /ignore:4221
         tier1.vcxproj -> D:\Debian\Steam\sdk\mp_10.09.2015\src\tier1\..\lib\public\.\tier1.lib
       FinalizeBuildStatus:
         Файл ".\Release\.\tier1.unsuccessfulbuild" удаляется.
         Обращение к ".\Release\.\tier1.lastbuildstate".
     1>Построение проекта "D:\Debian\Steam\sdk\mp_10.09.2015\src\tier1\tier1.vcxproj" завершено (целевые объекты build).

Построение успешно завершено.

Затраченное время: 00:00:08.97
